MIG: 22:00:52 : xml_input_file: mig_b.prj
MIG: 22:00:52 : Absolute path of xml_input_file: d:/Ray/Vivado/Music_Looper/Music_Looper.srcs/sources_1/ip/mig_7series_0/mig_b.prj
MIG: 22:00:52 : xml_input_file: mig_b.prj
MIG: 22:00:52 : Absolute path of xml_input_file: d:/Ray/Vivado/Music_Looper/Music_Looper.srcs/sources_1/ip/mig_7series_0/mig_b.prj
MIG: 22:00:52 : In updateAllModelParams
MIG: 22:00:53 : ################# RUNNING MIG BATCH ###################
MIG: 22:00:53 : Writing IN file for 'mig_7series_0'...compDirPath: d:/Xilinx/Vivado/2016.2/data/ip/xilinx/mig_7series_v4_0... instDirPath: d:/Ray/Vivado/Music_Looper/Music_Looper.srcs/sources_1/ip/mig_7series_0
MIG: 22:00:53 : synp_flow:  -- synthesis_mode: Other
MIG: 22:00:53 : outputDirectory: d:/Ray/Vivado/Music_Looper/Music_Looper.srcs/sources_1/ip/mig_7series_0/_tmp/
MIG: 22:00:53 : vivado_mode: xpg_pa
MIG: 22:00:53 :  locked false  
MIG: 22:00:53 : HDL Language: Verilog
MIG: 22:00:53 : compInfo: true
MIG: 22:00:53 : Vivado Options xc7a100t csg324 -1
MIG: 22:00:53 : 1: xc7a100t 2: csg324 3: -1
MIG: 22:00:53 : relative mig path: coregen/ip/xilinx/other/com/xilinx/ip/mig_7series_v4_0/bin/nt64/mig.exe
MIG: 22:00:53 : xilinx_path: D:/Xilinx/Vivado/2016.2/ids_lite/ISE
MIG: 22:00:53 : I am in catch area
MIG: 22:00:53 : Running D:/Xilinx/Vivado/2016.2/ids_lite/ISE/coregen/ip/xilinx/other/com/xilinx/ip/mig_7series_v4_0/bin/nt64/mig.exe -cg_exc_inp d:/Ray/Vivado/Music_Looper/Music_Looper.srcs/sources_1/ip/mig_7series_0/xil_txt.in -cg_exc_out d:/Ray/Vivado/Music_Looper/Music_Looper.srcs/sources_1/ip/mig_7series_0/xil_txt.out ... 
MIG: 22:01:12 : XML_INPUT_FILE: d:/Ray/Vivado/Music_Looper/Music_Looper.srcs/sources_1/ip/mig_7series_0/mig_b.prj
MIG: 22:01:12 : Component_Name: mig_7series_0
MIG: 22:01:12 : Moving mig_7series_0 ...
MIG: 22:01:12 : Moving mig_7series_0.veo ...
MIG: 22:01:12 : Moving mig_7series_0_xmdf.tcl ...
MIG: 22:01:12 : XGUI hdlLanguage: Verilog
MIG: 22:01:12 : xgui vivado_mode: xpg_pa
MIG: 22:01:12 : xgui hdlLanguage: Verilog -- hdlExt: v
MIG: 22:01:12 : Reading D:/Ray/Vivado/Music_Looper/Music_Looper.srcs/sources_1/ip/mig_7series_0/mig_7series_0/user_design/rtl/mig_7series_0_mig.v ...
MIG: 22:01:13 : 1
MIG: 22:01:13 : Inside fn mem: DDR2
MIG: 22:01:13 : QDRII+ Inside fn ui: 75000000
MIG: 22:01:13 : cntrl:  memtype: DDR2
MIG: 22:01:13 : 1200
MIG: 22:01:13 :  MMCM_VCO single ctrl param_name: MMCM_VCO --  possibleMaxVcoVal: 1200 
MIG: 22:01:13 : DDR2
MIG: 22:01:13 : 
MIG: 22:01:13 : 75000000
MIG: 22:01:13 : 
MIG: 22:01:13 :  polarity_value: 1
MIG: 22:01:13 : 
MIG: 22:01:13 : EXTERNAL
MIG: 22:01:13 : cntrl:  memtype: DDR2
MIG: 22:01:13 :  Invalid Param: DDR2_RST_ACT_LOW ==> 1
MIG: 22:01:13 : 
MIG: 22:01:13 :  Valid Param: DDR2_BANK_WIDTH ==> 3
MIG: 22:01:13 : 
MIG: 22:01:13 :  Valid Param: DDR2_CK_WIDTH ==> 1
MIG: 22:01:13 :  Invalid Param: DDR2_COL_WIDTH ==> 10
MIG: 22:01:13 : 
MIG: 22:01:13 :  Valid Param: DDR2_CS_WIDTH ==> 1
MIG: 22:01:13 : 
MIG: 22:01:13 :  Valid Param: DDR2_nCS_PER_RANK ==> 1
MIG: 22:01:13 : 
MIG: 22:01:13 :  Valid Param: DDR2_CKE_WIDTH ==> 1
MIG: 22:01:13 :  Invalid Param: DDR2_DATA_BUF_ADDR_WIDTH ==> 5
MIG: 22:01:13 :  Invalid Param: DDR2_DQ_CNT_WIDTH ==> 4
MIG: 22:01:13 :  Invalid Param: DDR2_DQ_PER_DM ==> 8
MIG: 22:01:13 : 2
MIG: 22:01:13 :  Valid Param: DDR2_DM_WIDTH ==> 2
MIG: 22:01:13 : 16
MIG: 22:01:13 :  Valid Param: DDR2_DQ_WIDTH ==> 16
MIG: 22:01:13 : 2
MIG: 22:01:13 :  Valid Param: DDR2_DQS_WIDTH ==> 2
MIG: 22:01:13 : 
MIG: 22:01:13 :  Valid Param: DDR2_DQS_CNT_WIDTH ==> 1
MIG: 22:01:13 :  Invalid Param: DDR2_DRAM_WIDTH ==> 8
MIG: 22:01:13 : 
MIG: 22:01:13 :  Valid Param: ECC ==> OFF
MIG: 22:01:13 : 16
MIG: 22:01:13 :  Valid Param: DDR2_DATA_WIDTH ==> 16
MIG: 22:01:13 :  Invalid Param: ECC_TEST ==> "OFF"
MIG: 22:01:13 :  Invalid Param: DDR2_PAYLOAD_WIDTH ==> (ECC_TEST == "OFF") ? DATA_WIDTH : DQ_WIDTH
MIG: 22:01:13 :  Invalid Param: DDR2_MEM_ADDR_ORDER ==> "BANK_ROW_COLUMN"
MIG: 22:01:13 :  Invalid Param: DDR2_nBANK_MACHS ==> 4
MIG: 22:01:13 :  Invalid Param: DDR2_RANKS ==> 1
MIG: 22:01:13 : 
MIG: 22:01:13 :  Valid Param: DDR2_ODT_WIDTH ==> 1
MIG: 22:01:13 : 13
MIG: 22:01:13 :  Valid Param: DDR2_ROW_WIDTH ==> 13
MIG: 22:01:13 : 27
MIG: 22:01:13 :  Valid Param: DDR2_ADDR_WIDTH ==> 27
MIG: 22:01:13 : 
MIG: 22:01:13 :  Valid Param: DDR2_USE_CS_PORT ==> 1
MIG: 22:01:13 : 
MIG: 22:01:14 :  Valid Param: DDR2_USE_DM_PORT ==> 1
MIG: 22:01:14 : 
MIG: 22:01:14 :  Valid Param: DDR2_USE_ODT_PORT ==> 1
MIG: 22:01:14 :  Invalid Param: DDR2_PHY_CONTROL_MASTER_BANK ==> 0
MIG: 22:01:14 :  Invalid Param: DDR2_MEM_DENSITY ==> "1Gb"
MIG: 22:01:14 :  Invalid Param: DDR2_MEM_SPEEDGRADE ==> "25E"
MIG: 22:01:14 :  Invalid Param: DDR2_MEM_DEVICE_WIDTH ==> 16
MIG: 22:01:14 :  Invalid Param: DDR2_AL ==> "0"
MIG: 22:01:14 :  Invalid Param: DDR2_nAL ==> 0
MIG: 22:01:14 :  Invalid Param: DDR2_BURST_MODE ==> "8"
MIG: 22:01:14 :  Invalid Param: DDR2_BURST_TYPE ==> "SEQ"
MIG: 22:01:14 :  Invalid Param: DDR2_CL ==> 5
MIG: 22:01:14 :  Invalid Param: DDR2_OUTPUT_DRV ==> "HIGH"
MIG: 22:01:14 :  Invalid Param: DDR2_RTT_NOM ==> "50"
MIG: 22:01:14 :  Invalid Param: DDR2_ADDR_CMD_MODE ==> "1T"
MIG: 22:01:14 : 
MIG: 22:01:14 :  Valid Param: DDR2_REG_CTRL ==> OFF
MIG: 22:01:14 :  Invalid Param: DDR2_CLKIN_PERIOD ==> 4999
MIG: 22:01:14 :  Invalid Param: DDR2_CLKFBOUT_MULT ==> 6
MIG: 22:01:14 :  Invalid Param: DDR2_DIVCLK_DIVIDE ==> 1
MIG: 22:01:14 :  Invalid Param: DDR2_CLKOUT0_PHASE ==> 0.0
MIG: 22:01:14 :  Invalid Param: DDR2_CLKOUT0_DIVIDE ==> 2
MIG: 22:01:14 :  Invalid Param: DDR2_CLKOUT1_DIVIDE ==> 4
MIG: 22:01:14 :  Invalid Param: DDR2_CLKOUT2_DIVIDE ==> 64
MIG: 22:01:14 :  Invalid Param: DDR2_CLKOUT3_DIVIDE ==> 16
MIG: 22:01:14 :  Invalid Param: DDR2_MMCM_VCO ==> 1200
MIG: 22:01:14 :  Invalid Param: DDR2_MMCM_MULT_F ==> 15
MIG: 22:01:14 :  Invalid Param: DDR2_MMCM_DIVCLK_DIVIDE ==> 1
MIG: 22:01:14 :  Invalid Param: DDR2_tCKE ==> 7500
MIG: 22:01:14 :  Invalid Param: DDR2_tFAW ==> 45000
MIG: 22:01:14 :  Invalid Param: DDR2_tPRDI ==> 1_000_000
MIG: 22:01:14 :  Invalid Param: DDR2_tRAS ==> 40000
MIG: 22:01:14 :  Invalid Param: DDR2_tRCD ==> 15000
MIG: 22:01:14 :  Invalid Param: DDR2_tREFI ==> 7800000
MIG: 22:01:14 :  Invalid Param: DDR2_tRFC ==> 127500
MIG: 22:01:14 :  Invalid Param: DDR2_tRP ==> 12500
MIG: 22:01:14 :  Invalid Param: DDR2_tRRD ==> 10000
MIG: 22:01:14 :  Invalid Param: DDR2_tRTP ==> 7500
MIG: 22:01:14 :  Invalid Param: DDR2_tWTR ==> 7500
MIG: 22:01:14 :  Invalid Param: DDR2_tZQI ==> 128_000_000
MIG: 22:01:14 :  Invalid Param: DDR2_tZQCS ==> 64
MIG: 22:01:14 :  Invalid Param: DDR2_SIM_BYPASS_INIT_CAL ==> "OFF"
MIG: 22:01:14 :  Invalid Param: DDR2_SIMULATION ==> "FALSE"
MIG: 22:01:14 :  Invalid Param: DDR2_BYTE_LANES_B0 ==> 4'b1111
MIG: 22:01:14 :  Invalid Param: DDR2_BYTE_LANES_B1 ==> 4'b0000
MIG: 22:01:14 :  Invalid Param: DDR2_BYTE_LANES_B2 ==> 4'b0000
MIG: 22:01:14 :  Invalid Param: DDR2_BYTE_LANES_B3 ==> 4'b0000
MIG: 22:01:14 :  Invalid Param: DDR2_BYTE_LANES_B4 ==> 4'b0000
MIG: 22:01:14 :  Invalid Param: DDR2_DATA_CTL_B0 ==> 4'b0101
MIG: 22:01:14 :  Invalid Param: DDR2_DATA_CTL_B1 ==> 4'b0000
MIG: 22:01:14 :  Invalid Param: DDR2_DATA_CTL_B2 ==> 4'b0000
MIG: 22:01:14 :  Invalid Param: DDR2_DATA_CTL_B3 ==> 4'b0000
MIG: 22:01:14 :  Invalid Param: DDR2_DATA_CTL_B4 ==> 4'b0000
MIG: 22:01:14 :  Invalid Param: DDR2_PHY_0_BITLANES ==> 48'hFFC_3F7_FFF_3FE
MIG: 22:01:14 :  Invalid Param: DDR2_PHY_1_BITLANES ==> 48'h000_000_000_000
MIG: 22:01:14 :  Invalid Param: DDR2_PHY_2_BITLANES ==> 48'h000_000_000_000
MIG: 22:01:14 :  Invalid Param: DDR2_CK_BYTE_MAP ==> 144'h00_00_00_00_00_00_00_00_00_00_00_00_00_00_00_00_00_03
MIG: 22:01:14 :  Invalid Param: DDR2_ADDR_MAP ==> 192'h000_000_000_010_033_01A_019_032_03A_034_018_036_012_011_017_015
MIG: 22:01:14 :  Invalid Param: DDR2_BANK_MAP ==> 36'h013_016_01B
MIG: 22:01:14 :  Invalid Param: DDR2_CAS_MAP ==> 12'h039
MIG: 22:01:14 :  Invalid Param: DDR2_CKE_ODT_BYTE_MAP ==> 8'h00
MIG: 22:01:14 :  Invalid Param: DDR2_CKE_MAP ==> 96'h000_000_000_000_000_000_000_038
MIG: 22:01:14 :  Invalid Param: DDR2_ODT_MAP ==> 96'h000_000_000_000_000_000_000_035
MIG: 22:01:14 :  Invalid Param: DDR2_CS_MAP ==> 120'h000_000_000_000_000_000_000_000_000_037
MIG: 22:01:14 :  Invalid Param: DDR2_PARITY_MAP ==> 12'h000
MIG: 22:01:14 :  Invalid Param: DDR2_RAS_MAP ==> 12'h014
MIG: 22:01:14 :  Invalid Param: DDR2_WE_MAP ==> 12'h03B
MIG: 22:01:14 :  Invalid Param: DDR2_DQS_BYTE_MAP ==> 144'h00_00_00_00_00_00_00_00_00_00_00_00_00_00_00_00_02_00
MIG: 22:01:14 :  Invalid Param: DDR2_DATA0_MAP ==> 96'h008_004_009_007_005_001_006_003
MIG: 22:01:14 :  Invalid Param: DDR2_DATA1_MAP ==> 96'h022_028_020_024_027_025_026_021
MIG: 22:01:14 :  Invalid Param: DDR2_DATA2_MAP ==> 96'h000_000_000_000_000_000_000_000
MIG: 22:01:14 :  Invalid Param: DDR2_DATA3_MAP ==> 96'h000_000_000_000_000_000_000_000
MIG: 22:01:14 :  Invalid Param: DDR2_DATA4_MAP ==> 96'h000_000_000_000_000_000_000_000
MIG: 22:01:14 :  Invalid Param: DDR2_DATA5_MAP ==> 96'h000_000_000_000_000_000_000_000
MIG: 22:01:14 :  Invalid Param: DDR2_DATA6_MAP ==> 96'h000_000_000_000_000_000_000_000
MIG: 22:01:14 :  Invalid Param: DDR2_DATA7_MAP ==> 96'h000_000_000_000_000_000_000_000
MIG: 22:01:14 :  Invalid Param: DDR2_DATA8_MAP ==> 96'h000_000_000_000_000_000_000_000
MIG: 22:01:14 :  Invalid Param: DDR2_DATA9_MAP ==> 96'h000_000_000_000_000_000_000_000
MIG: 22:01:14 :  Invalid Param: DDR2_DATA10_MAP ==> 96'h000_000_000_000_000_000_000_000
MIG: 22:01:14 :  Invalid Param: DDR2_DATA11_MAP ==> 96'h000_000_000_000_000_000_000_000
MIG: 22:01:14 :  Invalid Param: DDR2_DATA12_MAP ==> 96'h000_000_000_000_000_000_000_000
MIG: 22:01:14 :  Invalid Param: DDR2_DATA13_MAP ==> 96'h000_000_000_000_000_000_000_000
MIG: 22:01:14 :  Invalid Param: DDR2_DATA14_MAP ==> 96'h000_000_000_000_000_000_000_000
MIG: 22:01:14 :  Invalid Param: DDR2_DATA15_MAP ==> 96'h000_000_000_000_000_000_000_000
MIG: 22:01:15 :  Invalid Param: DDR2_DATA16_MAP ==> 96'h000_000_000_000_000_000_000_000
MIG: 22:01:15 :  Invalid Param: DDR2_DATA17_MAP ==> 96'h000_000_000_000_000_000_000_000
MIG: 22:01:15 :  Invalid Param: DDR2_MASK0_MAP ==> 108'h000_000_000_000_000_000_000_029_002
MIG: 22:01:15 :  Invalid Param: DDR2_MASK1_MAP ==> 108'h000_000_000_000_000_000_000_000_000
MIG: 22:01:15 :  Invalid Param: DDR2_SLOT_0_CONFIG ==> 8'b0000_0001
MIG: 22:01:15 :  Invalid Param: DDR2_SLOT_1_CONFIG ==> 8'b0000_0000
MIG: 22:01:15 :  Invalid Param: DDR2_IBUF_LPWR_MODE ==> "OFF"
MIG: 22:01:15 :  Invalid Param: DDR2_DATA_IO_IDLE_PWRDWN ==> "ON"
MIG: 22:01:15 :  Invalid Param: DDR2_BANK_TYPE ==> "HR_IO"
MIG: 22:01:15 :  Invalid Param: DDR2_DATA_IO_PRIM_TYPE ==> "HR_LP"
MIG: 22:01:15 :  Invalid Param: DDR2_CKE_ODT_AUX ==> "FALSE"
MIG: 22:01:15 :  Invalid Param: DDR2_USER_REFRESH ==> "OFF"
MIG: 22:01:15 :  Invalid Param: DDR2_WRLVL ==> "OFF"
MIG: 22:01:15 :  Invalid Param: DDR2_ORDERING ==> "STRICT"
MIG: 22:01:15 :  Invalid Param: DDR2_CALIB_ROW_ADD ==> 16'h0000
MIG: 22:01:15 :  Invalid Param: DDR2_CALIB_COL_ADD ==> 12'h000
MIG: 22:01:15 :  Invalid Param: DDR2_CALIB_BA_ADD ==> 3'h0
MIG: 22:01:15 :  Invalid Param: DDR2_TCQ ==> 100
MIG: 22:01:15 :  Invalid Param: DDR2_IODELAY_GRP0 ==> "MIG_7SERIES_0_IODELAY_MIG0"
MIG: 22:01:15 :  Invalid Param: DDR2_SYSCLK_TYPE ==> "NO_BUFFER"
MIG: 22:01:15 :  Invalid Param: DDR2_REFCLK_TYPE ==> "USE_SYSTEM_CLOCK"
MIG: 22:01:15 :  Invalid Param: DDR2_SYS_RST_PORT ==> "FALSE"
MIG: 22:01:15 :  Invalid Param: DDR2_CMD_PIPE_PLUS1 ==> "ON"
MIG: 22:01:15 :  Invalid Param: DDR2_DRAM_TYPE ==> "DDR2"
MIG: 22:01:15 :  Invalid Param: DDR2_CAL_WIDTH ==> "HALF"
MIG: 22:01:15 :  Invalid Param: DDR2_STARVE_LIMIT ==> 2
MIG: 22:01:15 :  Invalid Param: DDR2_REFCLK_FREQ ==> 200.0
MIG: 22:01:15 :  Invalid Param: DDR2_DIFF_TERM_REFCLK ==> "TRUE"
MIG: 22:01:15 :  Invalid Param: DDR2_tCK ==> 3333
MIG: 22:01:15 : 4
MIG: 22:01:15 :  Valid Param: DDR2_nCK_PER_CLK ==> 4
MIG: 22:01:15 :  Invalid Param: DDR2_DIFF_TERM_SYSCLK ==> "TRUE"
MIG: 22:01:15 : 
MIG: 22:01:15 :  Valid Param: DDR2_DEBUG_PORT ==> OFF
MIG: 22:01:15 : 
MIG: 22:01:15 :  Invalid Param: DDR2_TEMP_MON_CONTROL ==> "EXTERNAL"
MIG: 22:01:15 : NOBUF
MIG: 22:01:15 : NONE
MIG: 22:01:15 : 
MIG: 22:01:15 : Same Interface
MIG: 22:01:18 : xml_input_file: mig_b.prj
MIG: 22:01:18 : Absolute path of xml_input_file: d:/Ray/Vivado/Music_Looper/Music_Looper.srcs/sources_1/ip/mig_7series_0/mig_b.prj
MIG: 22:01:18 : In updateAllModelParams
MIG: 22:01:18 : IGN:     <ModuleName>mig_7series_0</ModuleName> <==>     <ModuleName>mig_7series_0</ModuleName> 
MIG: 22:01:18 : ERR:     <Version>2.3</Version> <==>     <Version>4.0</Version> 
MIG: 22:01:18 : ################# RUNNING MIG BATCH ###################
MIG: 22:01:18 : Writing IN file for 'mig_7series_0'...compDirPath: d:/Xilinx/Vivado/2016.2/data/ip/xilinx/mig_7series_v4_0... instDirPath: d:/Ray/Vivado/Music_Looper/Music_Looper.srcs/sources_1/ip/mig_7series_0
MIG: 22:01:18 : synp_flow:  -- synthesis_mode: Other
MIG: 22:01:18 : outputDirectory: d:/Ray/Vivado/Music_Looper/Music_Looper.srcs/sources_1/ip/mig_7series_0/_tmp/
MIG: 22:01:18 : vivado_mode: xpg_pa
MIG: 22:01:18 :  locked false  
MIG: 22:01:18 : HDL Language: Verilog
MIG: 22:01:18 : compInfo: true
MIG: 22:01:18 : Vivado Options xc7a100t csg324 -1
MIG: 22:01:18 : 1: xc7a100t 2: csg324 3: -1
MIG: 22:01:18 : relative mig path: coregen/ip/xilinx/other/com/xilinx/ip/mig_7series_v4_0/bin/nt64/mig.exe
MIG: 22:01:18 : xilinx_path: D:/Xilinx/Vivado/2016.2/ids_lite/ISE
MIG: 22:01:18 : I am in catch area
MIG: 22:01:18 : Running D:/Xilinx/Vivado/2016.2/ids_lite/ISE/coregen/ip/xilinx/other/com/xilinx/ip/mig_7series_v4_0/bin/nt64/mig.exe -cg_exc_inp d:/Ray/Vivado/Music_Looper/Music_Looper.srcs/sources_1/ip/mig_7series_0/xil_txt.in -cg_exc_out d:/Ray/Vivado/Music_Looper/Music_Looper.srcs/sources_1/ip/mig_7series_0/xil_txt.out ... 
MIG: 22:01:35 : XML_INPUT_FILE: d:/Ray/Vivado/Music_Looper/Music_Looper.srcs/sources_1/ip/mig_7series_0/mig_b.prj
MIG: 22:01:35 : Component_Name: mig_7series_0
MIG: 22:01:35 : Moving mig_7series_0 ...
MIG: 22:01:35 : Moving mig_7series_0.veo ...
MIG: 22:01:35 : Moving mig_7series_0_xmdf.tcl ...
MIG: 22:01:35 : XGUI hdlLanguage: Verilog
MIG: 22:01:35 : xgui vivado_mode: xpg_pa
MIG: 22:01:35 : xgui hdlLanguage: Verilog -- hdlExt: v
MIG: 22:01:35 : Reading D:/Ray/Vivado/Music_Looper/Music_Looper.srcs/sources_1/ip/mig_7series_0/mig_7series_0/user_design/rtl/mig_7series_0_mig.v ...
MIG: 22:01:36 : 
MIG: 22:01:36 : Inside fn mem: DDR2
MIG: 22:01:36 : QDRII+ Inside fn ui: 75000000
MIG: 22:01:36 : cntrl:  memtype: DDR2
MIG: 22:01:36 : 
MIG: 22:01:36 :  MMCM_VCO single ctrl param_name: MMCM_VCO --  possibleMaxVcoVal: 1200 
MIG: 22:01:36 : 
MIG: 22:01:36 : 
MIG: 22:01:36 : 
MIG: 22:01:36 : 
MIG: 22:01:36 :  polarity_value: 1
MIG: 22:01:36 : 
MIG: 22:01:36 : 
MIG: 22:01:36 : cntrl:  memtype: DDR2
MIG: 22:01:36 :  Invalid Param: DDR2_RST_ACT_LOW ==> 1
MIG: 22:01:36 : 
MIG: 22:01:36 :  Valid Param: DDR2_BANK_WIDTH ==> 3
MIG: 22:01:36 : 
MIG: 22:01:36 :  Valid Param: DDR2_CK_WIDTH ==> 1
MIG: 22:01:36 :  Invalid Param: DDR2_COL_WIDTH ==> 10
MIG: 22:01:36 : 
MIG: 22:01:36 :  Valid Param: DDR2_CS_WIDTH ==> 1
MIG: 22:01:36 : 
MIG: 22:01:36 :  Valid Param: DDR2_nCS_PER_RANK ==> 1
MIG: 22:01:36 : 
MIG: 22:01:36 :  Valid Param: DDR2_CKE_WIDTH ==> 1
MIG: 22:01:36 :  Invalid Param: DDR2_DATA_BUF_ADDR_WIDTH ==> 5
MIG: 22:01:36 :  Invalid Param: DDR2_DQ_CNT_WIDTH ==> 4
MIG: 22:01:36 :  Invalid Param: DDR2_DQ_PER_DM ==> 8
MIG: 22:01:36 : 
MIG: 22:01:36 :  Valid Param: DDR2_DM_WIDTH ==> 2
MIG: 22:01:36 : 
MIG: 22:01:36 :  Valid Param: DDR2_DQ_WIDTH ==> 16
MIG: 22:01:36 : 
MIG: 22:01:36 :  Valid Param: DDR2_DQS_WIDTH ==> 2
MIG: 22:01:36 : 
MIG: 22:01:36 :  Valid Param: DDR2_DQS_CNT_WIDTH ==> 1
MIG: 22:01:36 :  Invalid Param: DDR2_DRAM_WIDTH ==> 8
MIG: 22:01:36 : 
MIG: 22:01:36 :  Valid Param: ECC ==> OFF
MIG: 22:01:36 : 
MIG: 22:01:36 :  Valid Param: DDR2_DATA_WIDTH ==> 16
MIG: 22:01:36 :  Invalid Param: ECC_TEST ==> "OFF"
MIG: 22:01:36 :  Invalid Param: DDR2_PAYLOAD_WIDTH ==> (ECC_TEST == "OFF") ? DATA_WIDTH : DQ_WIDTH
MIG: 22:01:36 :  Invalid Param: DDR2_MEM_ADDR_ORDER ==> "BANK_ROW_COLUMN"
MIG: 22:01:36 :  Invalid Param: DDR2_nBANK_MACHS ==> 4
MIG: 22:01:36 :  Invalid Param: DDR2_RANKS ==> 1
MIG: 22:01:36 : 
MIG: 22:01:36 :  Valid Param: DDR2_ODT_WIDTH ==> 1
MIG: 22:01:36 : 
MIG: 22:01:36 :  Valid Param: DDR2_ROW_WIDTH ==> 13
MIG: 22:01:36 : 
MIG: 22:01:36 :  Valid Param: DDR2_ADDR_WIDTH ==> 27
MIG: 22:01:36 : 
MIG: 22:01:36 :  Valid Param: DDR2_USE_CS_PORT ==> 1
MIG: 22:01:37 : 
MIG: 22:01:37 :  Valid Param: DDR2_USE_DM_PORT ==> 1
MIG: 22:01:37 : 
MIG: 22:01:37 :  Valid Param: DDR2_USE_ODT_PORT ==> 1
MIG: 22:01:37 :  Invalid Param: DDR2_PHY_CONTROL_MASTER_BANK ==> 0
MIG: 22:01:37 :  Invalid Param: DDR2_MEM_DENSITY ==> "1Gb"
MIG: 22:01:37 :  Invalid Param: DDR2_MEM_SPEEDGRADE ==> "25E"
MIG: 22:01:37 :  Invalid Param: DDR2_MEM_DEVICE_WIDTH ==> 16
MIG: 22:01:37 :  Invalid Param: DDR2_AL ==> "0"
MIG: 22:01:37 :  Invalid Param: DDR2_nAL ==> 0
MIG: 22:01:37 :  Invalid Param: DDR2_BURST_MODE ==> "8"
MIG: 22:01:37 :  Invalid Param: DDR2_BURST_TYPE ==> "SEQ"
MIG: 22:01:37 :  Invalid Param: DDR2_CL ==> 5
MIG: 22:01:37 :  Invalid Param: DDR2_OUTPUT_DRV ==> "HIGH"
MIG: 22:01:37 :  Invalid Param: DDR2_RTT_NOM ==> "50"
MIG: 22:01:37 :  Invalid Param: DDR2_ADDR_CMD_MODE ==> "1T"
MIG: 22:01:37 : 
MIG: 22:01:37 :  Valid Param: DDR2_REG_CTRL ==> OFF
MIG: 22:01:37 :  Invalid Param: DDR2_CLKIN_PERIOD ==> 4999
MIG: 22:01:37 :  Invalid Param: DDR2_CLKFBOUT_MULT ==> 6
MIG: 22:01:37 :  Invalid Param: DDR2_DIVCLK_DIVIDE ==> 1
MIG: 22:01:37 :  Invalid Param: DDR2_CLKOUT0_PHASE ==> 0.0
MIG: 22:01:37 :  Invalid Param: DDR2_CLKOUT0_DIVIDE ==> 2
MIG: 22:01:37 :  Invalid Param: DDR2_CLKOUT1_DIVIDE ==> 4
MIG: 22:01:37 :  Invalid Param: DDR2_CLKOUT2_DIVIDE ==> 64
MIG: 22:01:37 :  Invalid Param: DDR2_CLKOUT3_DIVIDE ==> 16
MIG: 22:01:37 :  Invalid Param: DDR2_MMCM_VCO ==> 1200
MIG: 22:01:37 :  Invalid Param: DDR2_MMCM_MULT_F ==> 15
MIG: 22:01:37 :  Invalid Param: DDR2_MMCM_DIVCLK_DIVIDE ==> 1
MIG: 22:01:37 :  Invalid Param: DDR2_tCKE ==> 7500
MIG: 22:01:37 :  Invalid Param: DDR2_tFAW ==> 45000
MIG: 22:01:37 :  Invalid Param: DDR2_tPRDI ==> 1_000_000
MIG: 22:01:37 :  Invalid Param: DDR2_tRAS ==> 40000
MIG: 22:01:37 :  Invalid Param: DDR2_tRCD ==> 15000
MIG: 22:01:37 :  Invalid Param: DDR2_tREFI ==> 7800000
MIG: 22:01:37 :  Invalid Param: DDR2_tRFC ==> 127500
MIG: 22:01:37 :  Invalid Param: DDR2_tRP ==> 12500
MIG: 22:01:37 :  Invalid Param: DDR2_tRRD ==> 10000
MIG: 22:01:37 :  Invalid Param: DDR2_tRTP ==> 7500
MIG: 22:01:37 :  Invalid Param: DDR2_tWTR ==> 7500
MIG: 22:01:37 :  Invalid Param: DDR2_tZQI ==> 128_000_000
MIG: 22:01:37 :  Invalid Param: DDR2_tZQCS ==> 64
MIG: 22:01:37 :  Invalid Param: DDR2_SIM_BYPASS_INIT_CAL ==> "OFF"
MIG: 22:01:37 :  Invalid Param: DDR2_SIMULATION ==> "FALSE"
MIG: 22:01:37 :  Invalid Param: DDR2_BYTE_LANES_B0 ==> 4'b1111
MIG: 22:01:37 :  Invalid Param: DDR2_BYTE_LANES_B1 ==> 4'b0000
MIG: 22:01:37 :  Invalid Param: DDR2_BYTE_LANES_B2 ==> 4'b0000
MIG: 22:01:37 :  Invalid Param: DDR2_BYTE_LANES_B3 ==> 4'b0000
MIG: 22:01:37 :  Invalid Param: DDR2_BYTE_LANES_B4 ==> 4'b0000
MIG: 22:01:37 :  Invalid Param: DDR2_DATA_CTL_B0 ==> 4'b0101
MIG: 22:01:37 :  Invalid Param: DDR2_DATA_CTL_B1 ==> 4'b0000
MIG: 22:01:37 :  Invalid Param: DDR2_DATA_CTL_B2 ==> 4'b0000
MIG: 22:01:37 :  Invalid Param: DDR2_DATA_CTL_B3 ==> 4'b0000
MIG: 22:01:37 :  Invalid Param: DDR2_DATA_CTL_B4 ==> 4'b0000
MIG: 22:01:37 :  Invalid Param: DDR2_PHY_0_BITLANES ==> 48'hFFC_3F7_FFF_3FE
MIG: 22:01:37 :  Invalid Param: DDR2_PHY_1_BITLANES ==> 48'h000_000_000_000
MIG: 22:01:37 :  Invalid Param: DDR2_PHY_2_BITLANES ==> 48'h000_000_000_000
MIG: 22:01:37 :  Invalid Param: DDR2_CK_BYTE_MAP ==> 144'h00_00_00_00_00_00_00_00_00_00_00_00_00_00_00_00_00_03
MIG: 22:01:37 :  Invalid Param: DDR2_ADDR_MAP ==> 192'h000_000_000_010_033_01A_019_032_03A_034_018_036_012_011_017_015
MIG: 22:01:37 :  Invalid Param: DDR2_BANK_MAP ==> 36'h013_016_01B
MIG: 22:01:37 :  Invalid Param: DDR2_CAS_MAP ==> 12'h039
MIG: 22:01:37 :  Invalid Param: DDR2_CKE_ODT_BYTE_MAP ==> 8'h00
MIG: 22:01:37 :  Invalid Param: DDR2_CKE_MAP ==> 96'h000_000_000_000_000_000_000_038
MIG: 22:01:37 :  Invalid Param: DDR2_ODT_MAP ==> 96'h000_000_000_000_000_000_000_035
MIG: 22:01:37 :  Invalid Param: DDR2_CS_MAP ==> 120'h000_000_000_000_000_000_000_000_000_037
MIG: 22:01:37 :  Invalid Param: DDR2_PARITY_MAP ==> 12'h000
MIG: 22:01:37 :  Invalid Param: DDR2_RAS_MAP ==> 12'h014
MIG: 22:01:37 :  Invalid Param: DDR2_WE_MAP ==> 12'h03B
MIG: 22:01:37 :  Invalid Param: DDR2_DQS_BYTE_MAP ==> 144'h00_00_00_00_00_00_00_00_00_00_00_00_00_00_00_00_02_00
MIG: 22:01:37 :  Invalid Param: DDR2_DATA0_MAP ==> 96'h008_004_009_007_005_001_006_003
MIG: 22:01:37 :  Invalid Param: DDR2_DATA1_MAP ==> 96'h022_028_020_024_027_025_026_021
MIG: 22:01:37 :  Invalid Param: DDR2_DATA2_MAP ==> 96'h000_000_000_000_000_000_000_000
MIG: 22:01:38 :  Invalid Param: DDR2_DATA3_MAP ==> 96'h000_000_000_000_000_000_000_000
MIG: 22:01:38 :  Invalid Param: DDR2_DATA4_MAP ==> 96'h000_000_000_000_000_000_000_000
MIG: 22:01:38 :  Invalid Param: DDR2_DATA5_MAP ==> 96'h000_000_000_000_000_000_000_000
MIG: 22:01:38 :  Invalid Param: DDR2_DATA6_MAP ==> 96'h000_000_000_000_000_000_000_000
MIG: 22:01:38 :  Invalid Param: DDR2_DATA7_MAP ==> 96'h000_000_000_000_000_000_000_000
MIG: 22:01:38 :  Invalid Param: DDR2_DATA8_MAP ==> 96'h000_000_000_000_000_000_000_000
MIG: 22:01:38 :  Invalid Param: DDR2_DATA9_MAP ==> 96'h000_000_000_000_000_000_000_000
MIG: 22:01:38 :  Invalid Param: DDR2_DATA10_MAP ==> 96'h000_000_000_000_000_000_000_000
MIG: 22:01:38 :  Invalid Param: DDR2_DATA11_MAP ==> 96'h000_000_000_000_000_000_000_000
MIG: 22:01:38 :  Invalid Param: DDR2_DATA12_MAP ==> 96'h000_000_000_000_000_000_000_000
MIG: 22:01:38 :  Invalid Param: DDR2_DATA13_MAP ==> 96'h000_000_000_000_000_000_000_000
MIG: 22:01:38 :  Invalid Param: DDR2_DATA14_MAP ==> 96'h000_000_000_000_000_000_000_000
MIG: 22:01:38 :  Invalid Param: DDR2_DATA15_MAP ==> 96'h000_000_000_000_000_000_000_000
MIG: 22:01:38 :  Invalid Param: DDR2_DATA16_MAP ==> 96'h000_000_000_000_000_000_000_000
MIG: 22:01:38 :  Invalid Param: DDR2_DATA17_MAP ==> 96'h000_000_000_000_000_000_000_000
MIG: 22:01:38 :  Invalid Param: DDR2_MASK0_MAP ==> 108'h000_000_000_000_000_000_000_029_002
MIG: 22:01:38 :  Invalid Param: DDR2_MASK1_MAP ==> 108'h000_000_000_000_000_000_000_000_000
MIG: 22:01:38 :  Invalid Param: DDR2_SLOT_0_CONFIG ==> 8'b0000_0001
MIG: 22:01:38 :  Invalid Param: DDR2_SLOT_1_CONFIG ==> 8'b0000_0000
MIG: 22:01:38 :  Invalid Param: DDR2_IBUF_LPWR_MODE ==> "OFF"
MIG: 22:01:38 :  Invalid Param: DDR2_DATA_IO_IDLE_PWRDWN ==> "ON"
MIG: 22:01:38 :  Invalid Param: DDR2_BANK_TYPE ==> "HR_IO"
MIG: 22:01:38 :  Invalid Param: DDR2_DATA_IO_PRIM_TYPE ==> "HR_LP"
MIG: 22:01:38 :  Invalid Param: DDR2_CKE_ODT_AUX ==> "FALSE"
MIG: 22:01:38 :  Invalid Param: DDR2_USER_REFRESH ==> "OFF"
MIG: 22:01:38 :  Invalid Param: DDR2_WRLVL ==> "OFF"
MIG: 22:01:38 :  Invalid Param: DDR2_ORDERING ==> "STRICT"
MIG: 22:01:38 :  Invalid Param: DDR2_CALIB_ROW_ADD ==> 16'h0000
MIG: 22:01:38 :  Invalid Param: DDR2_CALIB_COL_ADD ==> 12'h000
MIG: 22:01:38 :  Invalid Param: DDR2_CALIB_BA_ADD ==> 3'h0
MIG: 22:01:38 :  Invalid Param: DDR2_TCQ ==> 100
MIG: 22:01:38 :  Invalid Param: DDR2_IODELAY_GRP0 ==> "MIG_7SERIES_0_IODELAY_MIG0"
MIG: 22:01:38 :  Invalid Param: DDR2_SYSCLK_TYPE ==> "NO_BUFFER"
MIG: 22:01:38 :  Invalid Param: DDR2_REFCLK_TYPE ==> "USE_SYSTEM_CLOCK"
MIG: 22:01:38 :  Invalid Param: DDR2_SYS_RST_PORT ==> "FALSE"
MIG: 22:01:38 :  Invalid Param: DDR2_CMD_PIPE_PLUS1 ==> "ON"
MIG: 22:01:38 :  Invalid Param: DDR2_DRAM_TYPE ==> "DDR2"
MIG: 22:01:38 :  Invalid Param: DDR2_CAL_WIDTH ==> "HALF"
MIG: 22:01:38 :  Invalid Param: DDR2_STARVE_LIMIT ==> 2
MIG: 22:01:38 :  Invalid Param: DDR2_REFCLK_FREQ ==> 200.0
MIG: 22:01:38 :  Invalid Param: DDR2_DIFF_TERM_REFCLK ==> "TRUE"
MIG: 22:01:38 :  Invalid Param: DDR2_tCK ==> 3333
MIG: 22:01:38 : 
MIG: 22:01:38 :  Valid Param: DDR2_nCK_PER_CLK ==> 4
MIG: 22:01:38 :  Invalid Param: DDR2_DIFF_TERM_SYSCLK ==> "TRUE"
MIG: 22:01:38 : 
MIG: 22:01:38 :  Valid Param: DDR2_DEBUG_PORT ==> OFF
MIG: 22:01:38 : 
MIG: 22:01:38 :  Invalid Param: DDR2_TEMP_MON_CONTROL ==> "EXTERNAL"
MIG: 22:01:38 : 
MIG: 22:01:38 : 
MIG: 22:01:38 : 
MIG: 22:01:38 : Same Interface
MIG: 22:01:47 : Running synthesis.xit
MIG: 22:01:47 : IGN:     <ModuleName>mig_7series_0</ModuleName> <==>     <ModuleName>mig_7series_0</ModuleName> 
MIG: 22:01:47 : ERR:     <Version>2.3</Version> <==>     <Version>4.0</Version> 
MIG: 22:01:47 : ################# RUNNING MIG BATCH ###################
MIG: 22:01:47 : Writing IN file for 'mig_7series_0'...compDirPath: d:/Xilinx/Vivado/2016.2/data/ip/xilinx/mig_7series_v4_0... instDirPath: d:/Ray/Vivado/Music_Looper/Music_Looper.srcs/sources_1/ip/mig_7series_0
MIG: 22:01:47 : synp_flow:  -- synthesis_mode: Other
MIG: 22:01:47 : outputDirectory: d:/Ray/Vivado/Music_Looper/Music_Looper.srcs/sources_1/ip/mig_7series_0/_tmp/
MIG: 22:01:47 : vivado_mode: xpg_pa
MIG: 22:01:47 :  locked false  
MIG: 22:01:47 : HDL Language: Verilog
MIG: 22:01:47 : compInfo: false
MIG: 22:01:47 : Vivado Options xc7a100t csg324 -1
MIG: 22:01:47 : 1: xc7a100t 2: csg324 3: -1
MIG: 22:01:47 : relative mig path: coregen/ip/xilinx/other/com/xilinx/ip/mig_7series_v4_0/bin/nt64/mig.exe
MIG: 22:01:47 : xilinx_path: D:/Xilinx/Vivado/2016.2/ids_lite/ISE
MIG: 22:01:47 : I am in catch area
MIG: 22:01:47 : Running D:/Xilinx/Vivado/2016.2/ids_lite/ISE/coregen/ip/xilinx/other/com/xilinx/ip/mig_7series_v4_0/bin/nt64/mig.exe -cg_exc_inp d:/Ray/Vivado/Music_Looper/Music_Looper.srcs/sources_1/ip/mig_7series_0/xil_txt.in -cg_exc_out d:/Ray/Vivado/Music_Looper/Music_Looper.srcs/sources_1/ip/mig_7series_0/xil_txt.out ... 
MIG: 22:02:04 : XML_INPUT_FILE: d:/Ray/Vivado/Music_Looper/Music_Looper.srcs/sources_1/ip/mig_7series_0/mig_b.prj
MIG: 22:02:04 : Component_Name: mig_7series_0
MIG: 22:02:04 : Moving mig_7series_0 ...
MIG: 22:02:04 : Moving mig_7series_0.veo ...
MIG: 22:02:04 : Moving mig_7series_0_xmdf.tcl ...
MIG: 22:02:04 : Running vlog_synth_rpr.xit
MIG: 22:02:05 : IGN:     <ModuleName>mig_7series_0</ModuleName> <==>     <ModuleName>mig_7series_0</ModuleName> 
MIG: 22:02:05 : ERR:     <Version>2.3</Version> <==>     <Version>4.0</Version> 
MIG: 22:02:05 : ################# RUNNING MIG BATCH ###################
MIG: 22:02:05 : Writing IN file for 'mig_7series_0'...compDirPath: d:/Xilinx/Vivado/2016.2/data/ip/xilinx/mig_7series_v4_0... instDirPath: d:/Ray/Vivado/Music_Looper/Music_Looper.srcs/sources_1/ip/mig_7series_0
MIG: 22:02:05 : synp_flow:  -- synthesis_mode: Other
MIG: 22:02:05 : outputDirectory: d:/Ray/Vivado/Music_Looper/Music_Looper.srcs/sources_1/ip/mig_7series_0/_tmp/
MIG: 22:02:05 : vivado_mode: xpg_pa
MIG: 22:02:05 :  locked false  
MIG: 22:02:05 : HDL Language: Verilog
MIG: 22:02:05 : compInfo: false
MIG: 22:02:05 : Vivado Options xc7a100t csg324 -1
MIG: 22:02:05 : 1: xc7a100t 2: csg324 3: -1
MIG: 22:02:05 : relative mig path: coregen/ip/xilinx/other/com/xilinx/ip/mig_7series_v4_0/bin/nt64/mig.exe
MIG: 22:02:05 : xilinx_path: D:/Xilinx/Vivado/2016.2/ids_lite/ISE
MIG: 22:02:05 : I am in catch area
MIG: 22:02:05 : Running D:/Xilinx/Vivado/2016.2/ids_lite/ISE/coregen/ip/xilinx/other/com/xilinx/ip/mig_7series_v4_0/bin/nt64/mig.exe -cg_exc_inp d:/Ray/Vivado/Music_Looper/Music_Looper.srcs/sources_1/ip/mig_7series_0/xil_txt.in -cg_exc_out d:/Ray/Vivado/Music_Looper/Music_Looper.srcs/sources_1/ip/mig_7series_0/xil_txt.out ... 
MIG: 22:02:21 : XML_INPUT_FILE: d:/Ray/Vivado/Music_Looper/Music_Looper.srcs/sources_1/ip/mig_7series_0/mig_b.prj
MIG: 22:02:21 : Component_Name: mig_7series_0
MIG: 22:02:21 : Moving mig_7series_0 ...
MIG: 22:02:21 : Moving mig_7series_0.veo ...
MIG: 22:02:21 : Moving mig_7series_0_xmdf.tcl ...
MIG: 22:02:22 : Running simulation.xit
MIG: 22:02:22 : IGN:     <ModuleName>mig_7series_0</ModuleName> <==>     <ModuleName>mig_7series_0</ModuleName> 
MIG: 22:02:22 : ERR:     <Version>2.3</Version> <==>     <Version>4.0</Version> 
MIG: 22:02:22 : ################# RUNNING MIG BATCH ###################
MIG: 22:02:22 : Writing IN file for 'mig_7series_0'...compDirPath: d:/Xilinx/Vivado/2016.2/data/ip/xilinx/mig_7series_v4_0... instDirPath: d:/Ray/Vivado/Music_Looper/Music_Looper.srcs/sources_1/ip/mig_7series_0
MIG: 22:02:22 : synp_flow:  -- synthesis_mode: Other
MIG: 22:02:22 : outputDirectory: d:/Ray/Vivado/Music_Looper/Music_Looper.srcs/sources_1/ip/mig_7series_0/_tmp/
MIG: 22:02:22 : vivado_mode: xpg_pa
MIG: 22:02:22 :  locked false  
MIG: 22:02:22 : HDL Language: Verilog
MIG: 22:02:22 : compInfo: false
MIG: 22:02:22 : Vivado Options xc7a100t csg324 -1
MIG: 22:02:22 : 1: xc7a100t 2: csg324 3: -1
MIG: 22:02:22 : relative mig path: coregen/ip/xilinx/other/com/xilinx/ip/mig_7series_v4_0/bin/nt64/mig.exe
MIG: 22:02:22 : xilinx_path: D:/Xilinx/Vivado/2016.2/ids_lite/ISE
MIG: 22:02:22 : I am in catch area
MIG: 22:02:22 : Running D:/Xilinx/Vivado/2016.2/ids_lite/ISE/coregen/ip/xilinx/other/com/xilinx/ip/mig_7series_v4_0/bin/nt64/mig.exe -cg_exc_inp d:/Ray/Vivado/Music_Looper/Music_Looper.srcs/sources_1/ip/mig_7series_0/xil_txt.in -cg_exc_out d:/Ray/Vivado/Music_Looper/Music_Looper.srcs/sources_1/ip/mig_7series_0/xil_txt.out ... 
MIG: 22:02:39 : XML_INPUT_FILE: d:/Ray/Vivado/Music_Looper/Music_Looper.srcs/sources_1/ip/mig_7series_0/mig_b.prj
MIG: 22:02:39 : Component_Name: mig_7series_0
MIG: 22:02:39 : Moving mig_7series_0 ...
MIG: 22:02:39 : Moving mig_7series_0.veo ...
MIG: 22:02:39 : Moving mig_7series_0_xmdf.tcl ...
MIG: 22:02:40 : Running vlog_sim_rpr.xit .. PRASAD DBG1
MIG: 22:02:40 : IGN:     <ModuleName>mig_7series_0</ModuleName> <==>     <ModuleName>mig_7series_0</ModuleName> 
MIG: 22:02:40 : ERR:     <Version>2.3</Version> <==>     <Version>4.0</Version> 
MIG: 22:02:40 : ################# RUNNING MIG BATCH ###################
MIG: 22:02:40 : Writing IN file for 'mig_7series_0'...compDirPath: d:/Xilinx/Vivado/2016.2/data/ip/xilinx/mig_7series_v4_0... instDirPath: d:/Ray/Vivado/Music_Looper/Music_Looper.srcs/sources_1/ip/mig_7series_0
MIG: 22:02:40 : synp_flow:  -- synthesis_mode: Other
MIG: 22:02:40 : outputDirectory: d:/Ray/Vivado/Music_Looper/Music_Looper.srcs/sources_1/ip/mig_7series_0/_tmp/
MIG: 22:02:40 : vivado_mode: xpg_pa
MIG: 22:02:40 :  locked false  
MIG: 22:02:40 : HDL Language: Verilog
MIG: 22:02:40 : compInfo: false
MIG: 22:02:40 : Vivado Options xc7a100t csg324 -1
MIG: 22:02:40 : 1: xc7a100t 2: csg324 3: -1
MIG: 22:02:40 : relative mig path: coregen/ip/xilinx/other/com/xilinx/ip/mig_7series_v4_0/bin/nt64/mig.exe
MIG: 22:02:40 : xilinx_path: D:/Xilinx/Vivado/2016.2/ids_lite/ISE
MIG: 22:02:40 : I am in catch area
MIG: 22:02:40 : Running D:/Xilinx/Vivado/2016.2/ids_lite/ISE/coregen/ip/xilinx/other/com/xilinx/ip/mig_7series_v4_0/bin/nt64/mig.exe -cg_exc_inp d:/Ray/Vivado/Music_Looper/Music_Looper.srcs/sources_1/ip/mig_7series_0/xil_txt.in -cg_exc_out d:/Ray/Vivado/Music_Looper/Music_Looper.srcs/sources_1/ip/mig_7series_0/xil_txt.out ... 
MIG: 22:02:56 : XML_INPUT_FILE: d:/Ray/Vivado/Music_Looper/Music_Looper.srcs/sources_1/ip/mig_7series_0/mig_b.prj
MIG: 22:02:56 : Component_Name: mig_7series_0
MIG: 22:02:56 : Moving mig_7series_0 ...
MIG: 22:02:57 : Moving mig_7series_0.veo ...
MIG: 22:02:57 : Moving mig_7series_0_xmdf.tcl ...
MIG: 22:02:57 : Running implementation.xit
MIG: 22:02:57 : IGN:     <ModuleName>mig_7series_0</ModuleName> <==>     <ModuleName>mig_7series_0</ModuleName> 
MIG: 22:02:57 : ERR:     <Version>2.3</Version> <==>     <Version>4.0</Version> 
MIG: 22:02:57 : ################# RUNNING MIG BATCH ###################
MIG: 22:02:57 : Writing IN file for 'mig_7series_0'...compDirPath: d:/Xilinx/Vivado/2016.2/data/ip/xilinx/mig_7series_v4_0... instDirPath: d:/Ray/Vivado/Music_Looper/Music_Looper.srcs/sources_1/ip/mig_7series_0
MIG: 22:02:57 : synp_flow:  -- synthesis_mode: Other
MIG: 22:02:57 : outputDirectory: d:/Ray/Vivado/Music_Looper/Music_Looper.srcs/sources_1/ip/mig_7series_0/_tmp/
MIG: 22:02:57 : vivado_mode: xpg_pa
MIG: 22:02:57 :  locked false  
MIG: 22:02:57 : HDL Language: Verilog
MIG: 22:02:57 : compInfo: false
MIG: 22:02:57 : Vivado Options xc7a100t csg324 -1
MIG: 22:02:57 : 1: xc7a100t 2: csg324 3: -1
MIG: 22:02:57 : relative mig path: coregen/ip/xilinx/other/com/xilinx/ip/mig_7series_v4_0/bin/nt64/mig.exe
MIG: 22:02:57 : xilinx_path: D:/Xilinx/Vivado/2016.2/ids_lite/ISE
MIG: 22:02:57 : I am in catch area
MIG: 22:02:57 : Running D:/Xilinx/Vivado/2016.2/ids_lite/ISE/coregen/ip/xilinx/other/com/xilinx/ip/mig_7series_v4_0/bin/nt64/mig.exe -cg_exc_inp d:/Ray/Vivado/Music_Looper/Music_Looper.srcs/sources_1/ip/mig_7series_0/xil_txt.in -cg_exc_out d:/Ray/Vivado/Music_Looper/Music_Looper.srcs/sources_1/ip/mig_7series_0/xil_txt.out ... 
MIG: 22:03:14 : XML_INPUT_FILE: d:/Ray/Vivado/Music_Looper/Music_Looper.srcs/sources_1/ip/mig_7series_0/mig_b.prj
MIG: 22:03:14 : Component_Name: mig_7series_0
MIG: 22:03:14 : Moving mig_7series_0 ...
MIG: 22:03:14 : Moving mig_7series_0.veo ...
MIG: 22:03:14 : Moving mig_7series_0_xmdf.tcl ...
MIG: 16:34:46 : xml_input_file: mig_b.prj
MIG: 16:34:46 : Absolute path of xml_input_file: d:/Ray/Vivado/Music_Looper/Music_Looper.srcs/sources_1/ip/mig_7series_0/mig_b.prj
MIG: 16:34:46 : xml_input_file: mig_b.prj
MIG: 16:34:46 : Absolute path of xml_input_file: d:/Ray/Vivado/Music_Looper/Music_Looper.srcs/sources_1/ip/mig_7series_0/mig_b.prj
