#-----------------------------------------------------------
# Vivado v2016.2 (64-bit)
# SW Build 1577090 on Thu Jun  2 16:32:40 MDT 2016
# IP Build 1577682 on Fri Jun  3 12:00:54 MDT 2016
# Start of session at: Sat Jan 09 02:12:57 2021
# Process ID: 11484
# Current directory: D:/Ray/Vivado/Music_Looper
# Command line: vivado.exe -gui_launcher_event rodinguilauncherevent15268 D:\Ray\Vivado\Music_Looper\Music_Looper.xpr
# Log file: D:/Ray/Vivado/Music_Looper/vivado.log
# Journal file: D:/Ray/Vivado/Music_Looper\vivado.jou
#-----------------------------------------------------------
start_gui
open_project D:/Ray/Vivado/Music_Looper/Music_Looper.xpr
Scanning sources...
Finished scanning sources
INFO: [IP_Flow 19-234] Refreshing IP repositories
INFO: [IP_Flow 19-1704] No user IP repositories specified
INFO: [IP_Flow 19-2313] Loaded Vivado IP repository 'D:/Xilinx/Vivado/2016.2/data/ip'.
open_project: Time (s): cpu = 00:00:31 ; elapsed = 00:00:17 . Memory (MB): peak = 949.578 ; gain = 273.215
update_compile_order -fileset sources_1
reset_run impl_1 -prev_step 
launch_runs impl_1 -to_step write_bitstream -jobs 4
[Sat Jan 09 02:15:01 2021] Launched impl_1...
Run output will be captured here: D:/Ray/Vivado/Music_Looper/Music_Looper.runs/impl_1/runme.log
open_hw
exit
INFO: [Common 17-206] Exiting Vivado at Sat Jan 09 02:16:58 2021...
